<?xml version="1.0" encoding="UTF-8"?>
<beans xmlns="http://www.springframework.org/schema/beans"
       xmlns:p="http://www.springframework.org/schema/p"
       xmlns:xsi="http://www.w3.org/2001/XMLSchema-instance"
       xmlns:context="http://www.springframework.org/schema/context"
       xmlns:cache="http://www.springframework.org/schema/cache"
       xmlns:infinispan="http://www.infinispan.org/schemas/spring"
       xsi:schemaLocation="
       http://www.springframework.org/schema/beans http://www.springframework.org/schema/beans/spring-beans-3.1.xsd
       http://www.springframework.org/schema/context http://www.springframework.org/schema/context/spring-context-3.1.xsd
       http://www.springframework.org/schema/cache http://www.springframework.org/schema/cache/spring-cache-3.1.xsd
http://www.infinispan.org/schemas/spring http://www.infinispan.org/schemas/infinispan-spring.xsd">

    <!--//// Base configuration of the Root Springâ€™s Context ////-->

    <context:annotation-config />
    <context:component-scan base-package="cz.cvut" />
    
    <!-- Process cache annotations -->
    <cache:annotation-driven />
    
    <infinispan:embedded-cache-manager configuration="classpath:infinispan-config.xml"/>
 
</beans>